<?xml version="1.0" encoding="UTF-8"?>
<!-- Generated by org.testng.reporters.JUnitXMLReporter -->
<testsuite ignored="0" hostname="Rahul" failures="0" tests="4" name="Default test" time="23.375" errors="0" timestamp="2024-02-16T01:06:05 IST">
  <testcase classname="SimpleTravelAgency.VerifyHomePage" name="verifyHomePageTitle" time="0.178"/>
  <testcase classname="SimpleTravelAgency.VerifyHomePage" name="testDestinationLinkOpensNewTab" time="1.89"/>
  <testcase classname="SimpleTravelAgency.VerifyHomePage" name="purchaseTicket" time="2.663"/>
  <testcase classname="SimpleTravelAgency.VerifyHomePage" name="testTotalCostFormat" time="1.422"/>
</testsuite> <!-- Default test -->
