<?xml version="1.0" encoding="UTF-8"?>
<!-- Generated by org.testng.reporters.JUnitXMLReporter -->
<testsuite ignored="0" hostname="Rahul" failures="0" tests="4" name="Test" time="19.221" errors="0" timestamp="2024-02-16T02:04:26 IST">
  <testcase classname="SimpleTravelAgency.VerifyHomePage" name="verifyHomePageTitle" time="0.158"/>
  <testcase classname="SimpleTravelAgency.VerifyHomePage" name="testDestinationLinkOpensNewTab" time="2.04"/>
  <testcase classname="SimpleTravelAgency.VerifyHomePage" name="purchaseTicket" time="2.726"/>
  <testcase classname="SimpleTravelAgency.VerifyHomePage" name="testTotalCostFormat" time="1.221"/>
</testsuite> <!-- Test -->
