<?xml version="1.0" encoding="UTF-8"?>
<!-- Generated by org.testng.reporters.JUnitXMLReporter -->
<testsuite ignored="0" hostname="Rahul" failures="0" tests="5" name="Test" time="53.584" errors="0" timestamp="2024-02-16T01:40:45 IST">
  <testcase classname="SimpleTravelAgency.VerifyDestinationPage" name="testDestinationLinkOpensNewTab" time="4.467"/>
  <testcase classname="SimpleTravelAgency.VerifyHomePage" name="verifyHomePageTitle" time="0.212"/>
  <testcase classname="SimpleTravelAgency.VerifyHomePage" name="testDestinationLinkOpensNewTab" time="2.209"/>
  <testcase classname="SimpleTravelAgency.VerifyHomePage" name="purchaseTicket" time="3.101"/>
  <testcase classname="SimpleTravelAgency.VerifyHomePage" name="testTotalCostFormat" time="4.28"/>
</testsuite> <!-- Test -->
