<?xml version="1.0" encoding="UTF-8"?>
<testng-results ignored="0" total="4" passed="4" failed="0" skipped="0">
  <reporter-output>
  </reporter-output>
  <suite started-at="2024-02-16T02:04:07 IST" name="Suite" finished-at="2024-02-16T02:04:26 IST" duration-ms="19221">
    <groups>
    </groups>
    <test started-at="2024-02-16T02:04:07 IST" name="Test" finished-at="2024-02-16T02:04:26 IST" duration-ms="19221">
      <class name="SimpleTravelAgency.VerifyHomePage">
        <test-method is-config="true" signature="setUp()[pri:0, instance:SimpleTravelAgency.VerifyHomePage@2a798d51]" started-at="2024-02-16T02:04:07 IST" name="setUp" finished-at="2024-02-16T02:04:19 IST" duration-ms="11920" status="PASS">
          <reporter-output>
          </reporter-output>
        </test-method> <!-- setUp -->
        <test-method is-config="true" signature="createPomObject()[pri:0, instance:SimpleTravelAgency.VerifyHomePage@2a798d51]" started-at="2024-02-16T02:04:19 IST" name="createPomObject" finished-at="2024-02-16T02:04:19 IST" duration-ms="178" status="PASS">
          <reporter-output>
          </reporter-output>
        </test-method> <!-- createPomObject -->
        <test-method signature="verifyHomePageTitle()[pri:1, instance:SimpleTravelAgency.VerifyHomePage@2a798d51]" started-at="2024-02-16T02:04:19 IST" name="verifyHomePageTitle" finished-at="2024-02-16T02:04:19 IST" duration-ms="158" status="PASS">
          <reporter-output>
          </reporter-output>
        </test-method> <!-- verifyHomePageTitle -->
        <test-method is-config="true" signature="captureScreenshotinFailure(org.testng.ITestResult)[pri:0, instance:SimpleTravelAgency.VerifyHomePage@2a798d51]" started-at="2024-02-16T02:04:19 IST" name="captureScreenshotinFailure" finished-at="2024-02-16T02:04:19 IST" duration-ms="7" status="PASS">
          <params>
            <param index="0">
              <value>
                <![CDATA[[TestResult name=verifyHomePageTitle status=SUCCESS method=VerifyHomePage.verifyHomePageTitle()[pri:1, instance:SimpleTravelAgency.VerifyHomePage@2a798d51] output={null}]]]>
              </value>
            </param>
          </params>
          <reporter-output>
          </reporter-output>
        </test-method> <!-- captureScreenshotinFailure -->
        <test-method signature="testDestinationLinkOpensNewTab()[pri:2, instance:SimpleTravelAgency.VerifyHomePage@2a798d51]" started-at="2024-02-16T02:04:19 IST" name="testDestinationLinkOpensNewTab" finished-at="2024-02-16T02:04:21 IST" duration-ms="2040" status="PASS">
          <reporter-output>
          </reporter-output>
        </test-method> <!-- testDestinationLinkOpensNewTab -->
        <test-method is-config="true" signature="captureScreenshotinFailure(org.testng.ITestResult)[pri:0, instance:SimpleTravelAgency.VerifyHomePage@2a798d51]" started-at="2024-02-16T02:04:21 IST" name="captureScreenshotinFailure" finished-at="2024-02-16T02:04:21 IST" duration-ms="4" status="PASS">
          <params>
            <param index="0">
              <value>
                <![CDATA[[TestResult name=testDestinationLinkOpensNewTab status=SUCCESS method=VerifyHomePage.testDestinationLinkOpensNewTab()[pri:2, instance:SimpleTravelAgency.VerifyHomePage@2a798d51] output={null}]]]>
              </value>
            </param>
          </params>
          <reporter-output>
          </reporter-output>
        </test-method> <!-- captureScreenshotinFailure -->
        <test-method signature="purchaseTicket()[pri:3, instance:SimpleTravelAgency.VerifyHomePage@2a798d51]" started-at="2024-02-16T02:04:21 IST" name="purchaseTicket" finished-at="2024-02-16T02:04:24 IST" duration-ms="2726" status="PASS">
          <reporter-output>
          </reporter-output>
        </test-method> <!-- purchaseTicket -->
        <test-method is-config="true" signature="captureScreenshotinFailure(org.testng.ITestResult)[pri:0, instance:SimpleTravelAgency.VerifyHomePage@2a798d51]" started-at="2024-02-16T02:04:24 IST" name="captureScreenshotinFailure" finished-at="2024-02-16T02:04:24 IST" duration-ms="2" status="PASS">
          <params>
            <param index="0">
              <value>
                <![CDATA[[TestResult name=purchaseTicket status=SUCCESS method=VerifyHomePage.purchaseTicket()[pri:3, instance:SimpleTravelAgency.VerifyHomePage@2a798d51] output={null}]]]>
              </value>
            </param>
          </params>
          <reporter-output>
          </reporter-output>
        </test-method> <!-- captureScreenshotinFailure -->
        <test-method signature="testTotalCostFormat()[pri:4, instance:SimpleTravelAgency.VerifyHomePage@2a798d51]" started-at="2024-02-16T02:04:24 IST" name="testTotalCostFormat" finished-at="2024-02-16T02:04:25 IST" duration-ms="1221" status="PASS">
          <reporter-output>
          </reporter-output>
        </test-method> <!-- testTotalCostFormat -->
        <test-method is-config="true" signature="captureScreenshotinFailure(org.testng.ITestResult)[pri:0, instance:SimpleTravelAgency.VerifyHomePage@2a798d51]" started-at="2024-02-16T02:04:25 IST" name="captureScreenshotinFailure" finished-at="2024-02-16T02:04:25 IST" duration-ms="1" status="PASS">
          <params>
            <param index="0">
              <value>
                <![CDATA[[TestResult name=testTotalCostFormat status=SUCCESS method=VerifyHomePage.testTotalCostFormat()[pri:4, instance:SimpleTravelAgency.VerifyHomePage@2a798d51] output={null}]]]>
              </value>
            </param>
          </params>
          <reporter-output>
          </reporter-output>
        </test-method> <!-- captureScreenshotinFailure -->
        <test-method is-config="true" signature="objectClear()[pri:0, instance:SimpleTravelAgency.VerifyHomePage@2a798d51]" started-at="2024-02-16T02:04:25 IST" name="objectClear" finished-at="2024-02-16T02:04:25 IST" duration-ms="1" status="PASS">
          <reporter-output>
          </reporter-output>
        </test-method> <!-- objectClear -->
        <test-method is-config="true" signature="closeBrowser()[pri:0, instance:SimpleTravelAgency.VerifyHomePage@2a798d51]" started-at="2024-02-16T02:04:25 IST" name="closeBrowser" finished-at="2024-02-16T02:04:26 IST" duration-ms="812" status="PASS">
          <reporter-output>
          </reporter-output>
        </test-method> <!-- closeBrowser -->
      </class> <!-- SimpleTravelAgency.VerifyHomePage -->
    </test> <!-- Test -->
  </suite> <!-- Suite -->
</testng-results>
